2020-10-10T03:48:26.023Z [my-bank-api] info: API Started
2020-10-10T03:48:36.660Z [my-bank-api] error: a is not defined
2020-10-10T03:49:32.859Z [my-bank-api] info: API Started
2020-10-10T03:50:10.461Z [my-bank-api] info: API Started
2020-10-10T03:50:22.010Z [my-bank-api] info: API Started
2020-10-10T03:50:25.896Z [my-bank-api] info: API Started
2020-10-10T03:50:26.774Z [my-bank-api] info: API Started
2020-10-10T03:50:32.488Z [my-bank-api] info: API Started
2020-10-10T03:51:24.004Z [my-bank-api] info: API Started
2020-10-10T03:51:32.586Z [my-bank-api] info: API Started
2020-10-10T03:51:37.315Z [my-bank-api] info: API Started
2020-10-10T03:51:40.905Z [my-bank-api] info: API Started
2020-10-10T03:52:00.589Z [my-bank-api] info: API Started
2020-10-10T03:52:09.580Z [my-bank-api] info: API Started
2020-10-10T03:52:22.391Z [my-bank-api] info: API Started
2020-10-10T03:52:30.099Z [my-bank-api] info: API Started
2020-10-10T03:52:41.544Z [my-bank-api] info: API Started
2020-10-10T03:53:11.865Z [my-bank-api] info: API Started
2020-10-10T03:53:15.780Z [my-bank-api] info: API Started
2020-10-10T03:53:27.636Z [my-bank-api] info: API Started
2020-10-10T03:53:44.784Z [my-bank-api] info: API Started
2020-10-10T03:54:00.569Z [my-bank-api] info: API Started
2020-10-10T03:54:23.629Z [my-bank-api] info: API Started
2020-10-10T03:54:42.740Z [my-bank-api] info: API Started
2020-10-10T03:54:50.948Z [my-bank-api] info: API Started
2020-10-10T03:55:07.810Z [my-bank-api] info: GET /account
2020-10-10T03:55:14.996Z [my-bank-api] info: GET /account/:id
2020-10-10T03:55:18.457Z [my-bank-api] info: GET /account/:id
2020-10-10T15:14:59.361Z [my-bank-api] info: API Started
2020-10-10T15:16:12.010Z [my-bank-api] info: POST /account - {"id":5,"name":"Singleton Jallr","balance":2130}
2020-10-10T15:31:38.519Z [my-bank-api] info: API Started
2020-10-10T15:31:56.673Z [my-bank-api] info: API Started
2020-10-10T15:32:09.021Z [my-bank-api] error: PUT /account - Registro não encontrado
2020-10-10T15:32:35.731Z [my-bank-api] info: API Started
2020-10-10T15:32:44.258Z [my-bank-api] info: API Started
2020-10-10T15:33:17.782Z [my-bank-api] info: API Started
2020-10-10T15:33:47.611Z [my-bank-api] info: API Started
2020-10-10T15:34:45.365Z [my-bank-api] info: API Started
2020-10-10T15:34:52.610Z [my-bank-api] info: API Started
2020-10-10T15:34:59.303Z [my-bank-api] info: API Started
2020-10-10T15:35:46.595Z [my-bank-api] info: API Started
2020-10-10T17:23:06.346Z [my-bank-api] info: API Started
2020-10-10T17:23:50.154Z [my-bank-api] info: GET /account
2020-10-10T17:23:53.763Z [my-bank-api] info: GET /account/:id
2020-10-10T17:24:12.113Z [my-bank-api] info: API Started
2020-10-10T17:25:04.847Z [my-bank-api] info: API Started
2020-10-10T17:25:21.520Z [my-bank-api] info: API Started
2020-10-10T17:25:30.371Z [my-bank-api] info: API Started
2020-10-10T17:26:46.895Z [my-bank-api] info: GET /account
2020-10-10T17:26:48.110Z [my-bank-api] info: GET /account
2020-10-10T17:26:48.692Z [my-bank-api] info: GET /account
2020-10-10T20:55:01.813Z [my-bank-api] info: API Started
2020-10-10T20:56:01.853Z [my-bank-api] info: GET /account
